<?xml version="1.0" encoding="UTF-8"?>
<testsuite name="com.example.lamp.LampApplicationTests" tests="1" skipped="0" failures="0" errors="0" timestamp="2023-09-23T16:04:19" hostname="YOON" time="0.267">
  <properties/>
  <testcase name="contextLoads()" classname="com.example.lamp.LampApplicationTests" time="0.267"/>
  <system-out><![CDATA[01:04:17.226 [Test worker] DEBUG org.springframework.test.context.BootstrapUtils - Instantiating CacheAwareContextLoaderDelegate from class [org.springframework.test.context.cache.DefaultCacheAwareContextLoaderDelegate]
01:04:17.233 [Test worker] DEBUG org.springframework.test.context.BootstrapUtils - Instantiating BootstrapContext using constructor [public org.springframework.test.context.support.DefaultBootstrapContext(java.lang.Class,org.springframework.test.context.CacheAwareContextLoaderDelegate)]
01:04:17.253 [Test worker] DEBUG org.springframework.test.context.BootstrapUtils - Instantiating TestContextBootstrapper for test class [com.example.lamp.LampApplicationTests] from class [org.springframework.boot.test.context.SpringBootTestContextBootstrapper]
01:04:17.260 [Test worker] INFO org.springframework.boot.test.context.SpringBootTestContextBootstrapper - Neither @ContextConfiguration nor @ContextHierarchy found for test class [com.example.lamp.LampApplicationTests], using SpringBootContextLoader
01:04:17.262 [Test worker] DEBUG org.springframework.test.context.support.AbstractContextLoader - Did not detect default resource location for test class [com.example.lamp.LampApplicationTests]: class path resource [com/example/lamp/LampApplicationTests-context.xml] does not exist
01:04:17.262 [Test worker] DEBUG org.springframework.test.context.support.AbstractContextLoader - Did not detect default resource location for test class [com.example.lamp.LampApplicationTests]: class path resource [com/example/lamp/LampApplicationTestsContext.groovy] does not exist
01:04:17.262 [Test worker] INFO org.springframework.test.context.support.AbstractContextLoader - Could not detect default resource locations for test class [com.example.lamp.LampApplicationTests]: no resource found for suffixes {-context.xml, Context.groovy}.
01:04:17.263 [Test worker] INFO org.springframework.test.context.support.AnnotationConfigContextLoaderUtils - Could not detect default configuration classes for test class [com.example.lamp.LampApplicationTests]: LampApplicationTests does not declare any static, non-private, non-final, nested classes annotated with @Configuration.
01:04:17.288 [Test worker] DEBUG org.springframework.test.context.support.ActiveProfilesUtils - Could not find an 'annotation declaring class' for annotation type [org.springframework.test.context.ActiveProfiles] and class [com.example.lamp.LampApplicationTests]
01:04:17.321 [Test worker] DEBUG org.springframework.context.annotation.ClassPathScanningCandidateComponentProvider - Identified candidate component class: file [D:\lamp_proj1\build\classes\java\main\com\example\lamp\LampApplication.class]
01:04:17.322 [Test worker] INFO org.springframework.boot.test.context.SpringBootTestContextBootstrapper - Found @SpringBootConfiguration com.example.lamp.LampApplication for test class com.example.lamp.LampApplicationTests
01:04:17.387 [Test worker] DEBUG org.springframework.boot.test.context.SpringBootTestContextBootstrapper - @TestExecutionListeners is not present for class [com.example.lamp.LampApplicationTests]: using defaults.
01:04:17.387 [Test worker] INFO org.springframework.boot.test.context.SpringBootTestContextBootstrapper - Loaded default TestExecutionListener class names from location [META-INF/spring.factories]: [org.springframework.boot.test.autoconfigure.restdocs.RestDocsTestExecutionListener, org.springframework.boot.test.autoconfigure.web.client.MockRestServiceServerResetTestExecutionListener, org.springframework.boot.test.autoconfigure.web.servlet.MockMvcPrintOnlyOnFailureTestExecutionListener, org.springframework.boot.test.autoconfigure.web.servlet.WebDriverTestExecutionListener, org.springframework.boot.test.autoconfigure.webservices.client.MockWebServiceServerTestExecutionListener, org.springframework.boot.test.mock.mockito.MockitoTestExecutionListener, org.springframework.boot.test.mock.mockito.ResetMocksTestExecutionListener, org.springframework.test.context.web.ServletTestExecutionListener, org.springframework.test.context.support.DirtiesContextBeforeModesTestExecutionListener, org.springframework.test.context.event.ApplicationEventsTestExecutionListener, org.springframework.test.context.support.DependencyInjectionTestExecutionListener, org.springframework.test.context.support.DirtiesContextTestExecutionListener, org.springframework.test.context.transaction.TransactionalTestExecutionListener, org.springframework.test.context.jdbc.SqlScriptsTestExecutionListener, org.springframework.test.context.event.EventPublishingTestExecutionListener]
01:04:17.397 [Test worker] INFO org.springframework.boot.test.context.SpringBootTestContextBootstrapper - Using TestExecutionListeners: [org.springframework.test.context.web.ServletTestExecutionListener@6ebd78d1, org.springframework.test.context.support.DirtiesContextBeforeModesTestExecutionListener@436390f4, org.springframework.test.context.event.ApplicationEventsTestExecutionListener@4d157787, org.springframework.boot.test.mock.mockito.MockitoTestExecutionListener@68ed96ca, org.springframework.boot.test.autoconfigure.SpringBootDependencyInjectionTestExecutionListener@6d1310f6, org.springframework.test.context.support.DirtiesContextTestExecutionListener@3228d990, org.springframework.test.context.transaction.TransactionalTestExecutionListener@54e7391d, org.springframework.test.context.jdbc.SqlScriptsTestExecutionListener@50b8ae8d, org.springframework.test.context.event.EventPublishingTestExecutionListener@255990cc, org.springframework.boot.test.autoconfigure.restdocs.RestDocsTestExecutionListener@51c929ae, org.springframework.boot.test.autoconfigure.web.client.MockRestServiceServerResetTestExecutionListener@3c8bdd5b, org.springframework.boot.test.autoconfigure.web.servlet.MockMvcPrintOnlyOnFailureTestExecutionListener@29d2d081, org.springframework.boot.test.autoconfigure.web.servlet.WebDriverTestExecutionListener@40e4ea87, org.springframework.boot.test.autoconfigure.webservices.client.MockWebServiceServerTestExecutionListener@58783f6c, org.springframework.boot.test.mock.mockito.ResetMocksTestExecutionListener@3a7b503d]
01:04:17.399 [Test worker] DEBUG org.springframework.test.context.support.AbstractDirtiesContextTestExecutionListener - Before test class: context [DefaultTestContext@24855019 testClass = LampApplicationTests, testInstance = [null], testMethod = [null], testException = [null], mergedContextConfiguration = [WebMergedContextConfiguration@3abd581e testClass = LampApplicationTests, locations = '{}', classes = '{class com.example.lamp.LampApplication}', contextInitializerClasses = '[]', activeProfiles = '{}', propertySourceLocations = '{}', propertySourceProperties = '{org.springframework.boot.test.context.SpringBootTestContextBootstrapper=true}', contextCustomizers = set[org.springframework.boot.test.autoconfigure.actuate.metrics.MetricsExportContextCustomizerFactory$DisableMetricExportContextCustomizer@7e928e2f, org.springframework.boot.test.autoconfigure.properties.PropertyMappingContextCustomizer@0, org.springframework.boot.test.autoconfigure.web.servlet.WebDriverContextCustomizerFactory$Customizer@58359ebd, org.springframework.boot.test.context.filter.ExcludeFilterContextCustomizer@4ee37ca3, org.springframework.boot.test.json.DuplicateJsonObjectContextCustomizerFactory$DuplicateJsonObjectContextCustomizer@422c3c7a, org.springframework.boot.test.mock.mockito.MockitoContextCustomizer@0, org.springframework.boot.test.web.client.TestRestTemplateContextCustomizer@502f1f4c, org.springframework.boot.test.context.SpringBootTestArgs@1, org.springframework.boot.test.context.SpringBootTestWebEnvironment@2415fc55], resourceBasePath = 'src/main/webapp', contextLoader = 'org.springframework.boot.test.context.SpringBootContextLoader', parent = [null]], attributes = map['org.springframework.test.context.web.ServletTestExecutionListener.activateListener' -> true]], class annotated with @DirtiesContext [false] with mode [null].

  .   ____          _            __ _ _
 /\\ / ___'_ __ _ _(_)_ __  __ _ \ \ \ \
( ( )\___ | '_ | '_| | '_ \/ _` | \ \ \ \
 \\/  ___)| |_)| | | | | || (_| |  ) ) ) )
  '  |____| .__|_| |_|_| |_\__, | / / / /
 =========|_|==============|___/=/_/_/_/
 :: Spring Boot ::               (v2.7.13)

2023-09-24 01:04:17.599  INFO 22152 --- [    Test worker] com.example.lamp.LampApplicationTests    : Starting LampApplicationTests using Java 11.0.19 on YOON with PID 22152 (started by dbstn in D:\lamp_proj1)
2023-09-24 01:04:17.600  INFO 22152 --- [    Test worker] com.example.lamp.LampApplicationTests    : No active profile set, falling back to 1 default profile: "default"
2023-09-24 01:04:17.969  INFO 22152 --- [    Test worker] .s.d.r.c.RepositoryConfigurationDelegate : Bootstrapping Spring Data JDBC repositories in DEFAULT mode.
2023-09-24 01:04:17.976  INFO 22152 --- [    Test worker] .s.d.r.c.RepositoryConfigurationDelegate : Finished Spring Data repository scanning in 4 ms. Found 0 JDBC repository interfaces.
2023-09-24 01:04:18.743  INFO 22152 --- [    Test worker] o.s.b.a.w.s.WelcomePageHandlerMapping    : Adding welcome page template: index
2023-09-24 01:04:18.973  INFO 22152 --- [    Test worker] com.zaxxer.hikari.HikariDataSource       : HikariPool-1 - Starting...
2023-09-24 01:04:19.212  INFO 22152 --- [    Test worker] com.zaxxer.hikari.HikariDataSource       : HikariPool-1 - Start completed.
2023-09-24 01:04:19.374  INFO 22152 --- [    Test worker] com.example.lamp.LampApplicationTests    : Started LampApplicationTests in 1.955 seconds (JVM running for 2.85)
]]></system-out>
  <system-err><![CDATA[]]></system-err>
</testsuite>
