<?xml version="1.0" encoding="UTF-8"?>
<testsuite name="com.example.lamp.LampApplicationTests" tests="1" skipped="0" failures="0" errors="0" timestamp="2023-10-07T13:13:17" hostname="DESKTOP-26A9A7A" time="0.368">
  <properties/>
  <testcase name="contextLoads()" classname="com.example.lamp.LampApplicationTests" time="0.368"/>
  <system-out><![CDATA[22:13:15.241 [Test worker] DEBUG org.springframework.test.context.BootstrapUtils - Instantiating CacheAwareContextLoaderDelegate from class [org.springframework.test.context.cache.DefaultCacheAwareContextLoaderDelegate]
22:13:15.251 [Test worker] DEBUG org.springframework.test.context.BootstrapUtils - Instantiating BootstrapContext using constructor [public org.springframework.test.context.support.DefaultBootstrapContext(java.lang.Class,org.springframework.test.context.CacheAwareContextLoaderDelegate)]
22:13:15.277 [Test worker] DEBUG org.springframework.test.context.BootstrapUtils - Instantiating TestContextBootstrapper for test class [com.example.lamp.LampApplicationTests] from class [org.springframework.boot.test.context.SpringBootTestContextBootstrapper]
22:13:15.286 [Test worker] INFO org.springframework.boot.test.context.SpringBootTestContextBootstrapper - Neither @ContextConfiguration nor @ContextHierarchy found for test class [com.example.lamp.LampApplicationTests], using SpringBootContextLoader
22:13:15.289 [Test worker] DEBUG org.springframework.test.context.support.AbstractContextLoader - Did not detect default resource location for test class [com.example.lamp.LampApplicationTests]: class path resource [com/example/lamp/LampApplicationTests-context.xml] does not exist
22:13:15.290 [Test worker] DEBUG org.springframework.test.context.support.AbstractContextLoader - Did not detect default resource location for test class [com.example.lamp.LampApplicationTests]: class path resource [com/example/lamp/LampApplicationTestsContext.groovy] does not exist
22:13:15.290 [Test worker] INFO org.springframework.test.context.support.AbstractContextLoader - Could not detect default resource locations for test class [com.example.lamp.LampApplicationTests]: no resource found for suffixes {-context.xml, Context.groovy}.
22:13:15.290 [Test worker] INFO org.springframework.test.context.support.AnnotationConfigContextLoaderUtils - Could not detect default configuration classes for test class [com.example.lamp.LampApplicationTests]: LampApplicationTests does not declare any static, non-private, non-final, nested classes annotated with @Configuration.
22:13:15.324 [Test worker] DEBUG org.springframework.test.context.support.ActiveProfilesUtils - Could not find an 'annotation declaring class' for annotation type [org.springframework.test.context.ActiveProfiles] and class [com.example.lamp.LampApplicationTests]
22:13:15.368 [Test worker] DEBUG org.springframework.context.annotation.ClassPathScanningCandidateComponentProvider - Identified candidate component class: file [C:\Users\Mario76\Desktop\lampchung_proj1\build\classes\java\main\com\example\lamp\LampApplication.class]
22:13:15.369 [Test worker] INFO org.springframework.boot.test.context.SpringBootTestContextBootstrapper - Found @SpringBootConfiguration com.example.lamp.LampApplication for test class com.example.lamp.LampApplicationTests
22:13:15.444 [Test worker] DEBUG org.springframework.boot.test.context.SpringBootTestContextBootstrapper - @TestExecutionListeners is not present for class [com.example.lamp.LampApplicationTests]: using defaults.
22:13:15.444 [Test worker] INFO org.springframework.boot.test.context.SpringBootTestContextBootstrapper - Loaded default TestExecutionListener class names from location [META-INF/spring.factories]: [org.springframework.boot.test.autoconfigure.restdocs.RestDocsTestExecutionListener, org.springframework.boot.test.autoconfigure.web.client.MockRestServiceServerResetTestExecutionListener, org.springframework.boot.test.autoconfigure.web.servlet.MockMvcPrintOnlyOnFailureTestExecutionListener, org.springframework.boot.test.autoconfigure.web.servlet.WebDriverTestExecutionListener, org.springframework.boot.test.autoconfigure.webservices.client.MockWebServiceServerTestExecutionListener, org.springframework.boot.test.mock.mockito.MockitoTestExecutionListener, org.springframework.boot.test.mock.mockito.ResetMocksTestExecutionListener, org.springframework.test.context.web.ServletTestExecutionListener, org.springframework.test.context.support.DirtiesContextBeforeModesTestExecutionListener, org.springframework.test.context.event.ApplicationEventsTestExecutionListener, org.springframework.test.context.support.DependencyInjectionTestExecutionListener, org.springframework.test.context.support.DirtiesContextTestExecutionListener, org.springframework.test.context.transaction.TransactionalTestExecutionListener, org.springframework.test.context.jdbc.SqlScriptsTestExecutionListener, org.springframework.test.context.event.EventPublishingTestExecutionListener]
22:13:15.458 [Test worker] INFO org.springframework.boot.test.context.SpringBootTestContextBootstrapper - Using TestExecutionListeners: [org.springframework.test.context.web.ServletTestExecutionListener@44c79f32, org.springframework.test.context.support.DirtiesContextBeforeModesTestExecutionListener@7fcbe147, org.springframework.test.context.event.ApplicationEventsTestExecutionListener@235f4c10, org.springframework.boot.test.mock.mockito.MockitoTestExecutionListener@743cb8e0, org.springframework.boot.test.autoconfigure.SpringBootDependencyInjectionTestExecutionListener@c7a975a, org.springframework.test.context.support.DirtiesContextTestExecutionListener@2c1b9e4b, org.springframework.test.context.transaction.TransactionalTestExecutionListener@757d6814, org.springframework.test.context.jdbc.SqlScriptsTestExecutionListener@649725e3, org.springframework.test.context.event.EventPublishingTestExecutionListener@3c0fae6c, org.springframework.boot.test.autoconfigure.restdocs.RestDocsTestExecutionListener@4c168660, org.springframework.boot.test.autoconfigure.web.client.MockRestServiceServerResetTestExecutionListener@52b56a3e, org.springframework.boot.test.autoconfigure.web.servlet.MockMvcPrintOnlyOnFailureTestExecutionListener@fd0e5b6, org.springframework.boot.test.autoconfigure.web.servlet.WebDriverTestExecutionListener@4eed46ee, org.springframework.boot.test.autoconfigure.webservices.client.MockWebServiceServerTestExecutionListener@36b0fcd5, org.springframework.boot.test.mock.mockito.ResetMocksTestExecutionListener@4fad94a7]
22:13:15.461 [Test worker] DEBUG org.springframework.test.context.support.AbstractDirtiesContextTestExecutionListener - Before test class: context [DefaultTestContext@76c7beb3 testClass = LampApplicationTests, testInstance = [null], testMethod = [null], testException = [null], mergedContextConfiguration = [WebMergedContextConfiguration@64337702 testClass = LampApplicationTests, locations = '{}', classes = '{class com.example.lamp.LampApplication}', contextInitializerClasses = '[]', activeProfiles = '{}', propertySourceLocations = '{}', propertySourceProperties = '{org.springframework.boot.test.context.SpringBootTestContextBootstrapper=true}', contextCustomizers = set[org.springframework.boot.test.autoconfigure.actuate.metrics.MetricsExportContextCustomizerFactory$DisableMetricExportContextCustomizer@460ebd80, org.springframework.boot.test.autoconfigure.properties.PropertyMappingContextCustomizer@0, org.springframework.boot.test.autoconfigure.web.servlet.WebDriverContextCustomizerFactory$Customizer@16414e40, org.springframework.boot.test.context.filter.ExcludeFilterContextCustomizer@78383390, org.springframework.boot.test.json.DuplicateJsonObjectContextCustomizerFactory$DuplicateJsonObjectContextCustomizer@4748a0f9, org.springframework.boot.test.mock.mockito.MockitoContextCustomizer@0, org.springframework.boot.test.web.client.TestRestTemplateContextCustomizer@e19bb76, org.springframework.boot.test.context.SpringBootTestArgs@1, org.springframework.boot.test.context.SpringBootTestWebEnvironment@3bf9ce3e], resourceBasePath = 'src/main/webapp', contextLoader = 'org.springframework.boot.test.context.SpringBootContextLoader', parent = [null]], attributes = map['org.springframework.test.context.web.ServletTestExecutionListener.activateListener' -> true]], class annotated with @DirtiesContext [false] with mode [null].

  .   ____          _            __ _ _
 /\\ / ___'_ __ _ _(_)_ __  __ _ \ \ \ \
( ( )\___ | '_ | '_| | '_ \/ _` | \ \ \ \
 \\/  ___)| |_)| | | | | || (_| |  ) ) ) )
  '  |____| .__|_| |_|_| |_\__, | / / / /
 =========|_|==============|___/=/_/_/_/
 :: Spring Boot ::               (v2.7.13)

2023-10-07 22:13:15.698  INFO 4552 --- [    Test worker] com.example.lamp.LampApplicationTests    : Starting LampApplicationTests using Java 20.0.1 on DESKTOP-26A9A7A with PID 4552 (started by Mario76 in C:\Users\Mario76\Desktop\lampchung_proj1)
2023-10-07 22:13:15.699  INFO 4552 --- [    Test worker] com.example.lamp.LampApplicationTests    : No active profile set, falling back to 1 default profile: "default"
2023-10-07 22:13:16.160  INFO 4552 --- [    Test worker] .s.d.r.c.RepositoryConfigurationDelegate : Bootstrapping Spring Data JDBC repositories in DEFAULT mode.
2023-10-07 22:13:16.172  INFO 4552 --- [    Test worker] .s.d.r.c.RepositoryConfigurationDelegate : Finished Spring Data repository scanning in 7 ms. Found 0 JDBC repository interfaces.
2023-10-07 22:13:17.158  INFO 4552 --- [    Test worker] o.s.b.a.w.s.WelcomePageHandlerMapping    : Adding welcome page template: index
2023-10-07 22:13:17.430  INFO 4552 --- [    Test worker] com.zaxxer.hikari.HikariDataSource       : HikariPool-1 - Starting...
2023-10-07 22:13:17.707  INFO 4552 --- [    Test worker] com.zaxxer.hikari.HikariDataSource       : HikariPool-1 - Start completed.
2023-10-07 22:13:17.908  INFO 4552 --- [    Test worker] com.example.lamp.LampApplicationTests    : Started LampApplicationTests in 2.42 seconds (JVM running for 3.272)
]]></system-out>
  <system-err><![CDATA[]]></system-err>
</testsuite>
