<?xml version="1.0" encoding="UTF-8"?>
<<<<<<< HEAD
<testsuite name="com.example.lamp.LampApplicationTests" tests="1" skipped="0" failures="0" errors="0" timestamp="2023-10-02T17:33:51" hostname="yunsuoui-MacBookAir.local" time="0.17">
  <properties/>
  <testcase name="contextLoads()" classname="com.example.lamp.LampApplicationTests" time="0.17"/>
  <system-out><![CDATA[02:33:49.659 [Test worker] DEBUG org.springframework.test.context.BootstrapUtils - Instantiating CacheAwareContextLoaderDelegate from class [org.springframework.test.context.cache.DefaultCacheAwareContextLoaderDelegate]
02:33:49.664 [Test worker] DEBUG org.springframework.test.context.BootstrapUtils - Instantiating BootstrapContext using constructor [public org.springframework.test.context.support.DefaultBootstrapContext(java.lang.Class,org.springframework.test.context.CacheAwareContextLoaderDelegate)]
02:33:49.678 [Test worker] DEBUG org.springframework.test.context.BootstrapUtils - Instantiating TestContextBootstrapper for test class [com.example.lamp.LampApplicationTests] from class [org.springframework.boot.test.context.SpringBootTestContextBootstrapper]
02:33:49.683 [Test worker] INFO org.springframework.boot.test.context.SpringBootTestContextBootstrapper - Neither @ContextConfiguration nor @ContextHierarchy found for test class [com.example.lamp.LampApplicationTests], using SpringBootContextLoader
02:33:49.684 [Test worker] DEBUG org.springframework.test.context.support.AbstractContextLoader - Did not detect default resource location for test class [com.example.lamp.LampApplicationTests]: class path resource [com/example/lamp/LampApplicationTests-context.xml] does not exist
02:33:49.684 [Test worker] DEBUG org.springframework.test.context.support.AbstractContextLoader - Did not detect default resource location for test class [com.example.lamp.LampApplicationTests]: class path resource [com/example/lamp/LampApplicationTestsContext.groovy] does not exist
02:33:49.685 [Test worker] INFO org.springframework.test.context.support.AbstractContextLoader - Could not detect default resource locations for test class [com.example.lamp.LampApplicationTests]: no resource found for suffixes {-context.xml, Context.groovy}.
02:33:49.685 [Test worker] INFO org.springframework.test.context.support.AnnotationConfigContextLoaderUtils - Could not detect default configuration classes for test class [com.example.lamp.LampApplicationTests]: LampApplicationTests does not declare any static, non-private, non-final, nested classes annotated with @Configuration.
02:33:49.703 [Test worker] DEBUG org.springframework.test.context.support.ActiveProfilesUtils - Could not find an 'annotation declaring class' for annotation type [org.springframework.test.context.ActiveProfiles] and class [com.example.lamp.LampApplicationTests]
02:33:49.725 [Test worker] DEBUG org.springframework.context.annotation.ClassPathScanningCandidateComponentProvider - Identified candidate component class: file [/Users/suohyoon/lamp_proj1/build/classes/java/main/com/example/lamp/LampApplication.class]
02:33:49.725 [Test worker] INFO org.springframework.boot.test.context.SpringBootTestContextBootstrapper - Found @SpringBootConfiguration com.example.lamp.LampApplication for test class com.example.lamp.LampApplicationTests
02:33:49.770 [Test worker] DEBUG org.springframework.boot.test.context.SpringBootTestContextBootstrapper - @TestExecutionListeners is not present for class [com.example.lamp.LampApplicationTests]: using defaults.
02:33:49.770 [Test worker] INFO org.springframework.boot.test.context.SpringBootTestContextBootstrapper - Loaded default TestExecutionListener class names from location [META-INF/spring.factories]: [org.springframework.boot.test.autoconfigure.restdocs.RestDocsTestExecutionListener, org.springframework.boot.test.autoconfigure.web.client.MockRestServiceServerResetTestExecutionListener, org.springframework.boot.test.autoconfigure.web.servlet.MockMvcPrintOnlyOnFailureTestExecutionListener, org.springframework.boot.test.autoconfigure.web.servlet.WebDriverTestExecutionListener, org.springframework.boot.test.autoconfigure.webservices.client.MockWebServiceServerTestExecutionListener, org.springframework.boot.test.mock.mockito.MockitoTestExecutionListener, org.springframework.boot.test.mock.mockito.ResetMocksTestExecutionListener, org.springframework.test.context.web.ServletTestExecutionListener, org.springframework.test.context.support.DirtiesContextBeforeModesTestExecutionListener, org.springframework.test.context.event.ApplicationEventsTestExecutionListener, org.springframework.test.context.support.DependencyInjectionTestExecutionListener, org.springframework.test.context.support.DirtiesContextTestExecutionListener, org.springframework.test.context.transaction.TransactionalTestExecutionListener, org.springframework.test.context.jdbc.SqlScriptsTestExecutionListener, org.springframework.test.context.event.EventPublishingTestExecutionListener]
02:33:49.777 [Test worker] INFO org.springframework.boot.test.context.SpringBootTestContextBootstrapper - Using TestExecutionListeners: [org.springframework.test.context.web.ServletTestExecutionListener@f5c79a6, org.springframework.test.context.support.DirtiesContextBeforeModesTestExecutionListener@669253b7, org.springframework.test.context.event.ApplicationEventsTestExecutionListener@5305c37d, org.springframework.boot.test.mock.mockito.MockitoTestExecutionListener@51a06cbe, org.springframework.boot.test.autoconfigure.SpringBootDependencyInjectionTestExecutionListener@3dddbe65, org.springframework.test.context.support.DirtiesContextTestExecutionListener@49a64d82, org.springframework.test.context.transaction.TransactionalTestExecutionListener@344561e0, org.springframework.test.context.jdbc.SqlScriptsTestExecutionListener@66d23e4a, org.springframework.test.context.event.EventPublishingTestExecutionListener@36ac8a63, org.springframework.boot.test.autoconfigure.restdocs.RestDocsTestExecutionListener@4d9d1b69, org.springframework.boot.test.autoconfigure.web.client.MockRestServiceServerResetTestExecutionListener@52c8295b, org.springframework.boot.test.autoconfigure.web.servlet.MockMvcPrintOnlyOnFailureTestExecutionListener@251f7d26, org.springframework.boot.test.autoconfigure.web.servlet.WebDriverTestExecutionListener@77b21474, org.springframework.boot.test.autoconfigure.webservices.client.MockWebServiceServerTestExecutionListener@52d10fb8, org.springframework.boot.test.mock.mockito.ResetMocksTestExecutionListener@41c07648]
02:33:49.778 [Test worker] DEBUG org.springframework.test.context.support.AbstractDirtiesContextTestExecutionListener - Before test class: context [DefaultTestContext@7cd1ac19 testClass = LampApplicationTests, testInstance = [null], testMethod = [null], testException = [null], mergedContextConfiguration = [WebMergedContextConfiguration@2f40a43 testClass = LampApplicationTests, locations = '{}', classes = '{class com.example.lamp.LampApplication}', contextInitializerClasses = '[]', activeProfiles = '{}', propertySourceLocations = '{}', propertySourceProperties = '{org.springframework.boot.test.context.SpringBootTestContextBootstrapper=true}', contextCustomizers = set[org.springframework.boot.test.autoconfigure.actuate.metrics.MetricsExportContextCustomizerFactory$DisableMetricExportContextCustomizer@6035b93b, org.springframework.boot.test.autoconfigure.properties.PropertyMappingContextCustomizer@0, org.springframework.boot.test.autoconfigure.web.servlet.WebDriverContextCustomizerFactory$Customizer@3382f8ae, org.springframework.boot.test.context.filter.ExcludeFilterContextCustomizer@a5bd950, org.springframework.boot.test.json.DuplicateJsonObjectContextCustomizerFactory$DuplicateJsonObjectContextCustomizer@2bd2b28e, org.springframework.boot.test.mock.mockito.MockitoContextCustomizer@0, org.springframework.boot.test.web.client.TestRestTemplateContextCustomizer@788fcafb, org.springframework.boot.test.context.SpringBootTestArgs@1, org.springframework.boot.test.context.SpringBootTestWebEnvironment@18ece7f4], resourceBasePath = 'src/main/webapp', contextLoader = 'org.springframework.boot.test.context.SpringBootContextLoader', parent = [null]], attributes = map['org.springframework.test.context.web.ServletTestExecutionListener.activateListener' -> true]], class annotated with @DirtiesContext [false] with mode [null].
=======
<<<<<<< HEAD
<testsuite name="com.example.lamp.LampApplicationTests" tests="1" skipped="0" failures="0" errors="0" timestamp="2023-09-23T16:04:19" hostname="YOON" time="0.267">
  <properties/>
  <testcase name="contextLoads()" classname="com.example.lamp.LampApplicationTests" time="0.267"/>
  <system-out><![CDATA[01:04:17.226 [Test worker] DEBUG org.springframework.test.context.BootstrapUtils - Instantiating CacheAwareContextLoaderDelegate from class [org.springframework.test.context.cache.DefaultCacheAwareContextLoaderDelegate]
01:04:17.233 [Test worker] DEBUG org.springframework.test.context.BootstrapUtils - Instantiating BootstrapContext using constructor [public org.springframework.test.context.support.DefaultBootstrapContext(java.lang.Class,org.springframework.test.context.CacheAwareContextLoaderDelegate)]
01:04:17.253 [Test worker] DEBUG org.springframework.test.context.BootstrapUtils - Instantiating TestContextBootstrapper for test class [com.example.lamp.LampApplicationTests] from class [org.springframework.boot.test.context.SpringBootTestContextBootstrapper]
01:04:17.260 [Test worker] INFO org.springframework.boot.test.context.SpringBootTestContextBootstrapper - Neither @ContextConfiguration nor @ContextHierarchy found for test class [com.example.lamp.LampApplicationTests], using SpringBootContextLoader
01:04:17.262 [Test worker] DEBUG org.springframework.test.context.support.AbstractContextLoader - Did not detect default resource location for test class [com.example.lamp.LampApplicationTests]: class path resource [com/example/lamp/LampApplicationTests-context.xml] does not exist
01:04:17.262 [Test worker] DEBUG org.springframework.test.context.support.AbstractContextLoader - Did not detect default resource location for test class [com.example.lamp.LampApplicationTests]: class path resource [com/example/lamp/LampApplicationTestsContext.groovy] does not exist
01:04:17.262 [Test worker] INFO org.springframework.test.context.support.AbstractContextLoader - Could not detect default resource locations for test class [com.example.lamp.LampApplicationTests]: no resource found for suffixes {-context.xml, Context.groovy}.
01:04:17.263 [Test worker] INFO org.springframework.test.context.support.AnnotationConfigContextLoaderUtils - Could not detect default configuration classes for test class [com.example.lamp.LampApplicationTests]: LampApplicationTests does not declare any static, non-private, non-final, nested classes annotated with @Configuration.
01:04:17.288 [Test worker] DEBUG org.springframework.test.context.support.ActiveProfilesUtils - Could not find an 'annotation declaring class' for annotation type [org.springframework.test.context.ActiveProfiles] and class [com.example.lamp.LampApplicationTests]
01:04:17.321 [Test worker] DEBUG org.springframework.context.annotation.ClassPathScanningCandidateComponentProvider - Identified candidate component class: file [D:\lamp_proj1\build\classes\java\main\com\example\lamp\LampApplication.class]
01:04:17.322 [Test worker] INFO org.springframework.boot.test.context.SpringBootTestContextBootstrapper - Found @SpringBootConfiguration com.example.lamp.LampApplication for test class com.example.lamp.LampApplicationTests
01:04:17.387 [Test worker] DEBUG org.springframework.boot.test.context.SpringBootTestContextBootstrapper - @TestExecutionListeners is not present for class [com.example.lamp.LampApplicationTests]: using defaults.
01:04:17.387 [Test worker] INFO org.springframework.boot.test.context.SpringBootTestContextBootstrapper - Loaded default TestExecutionListener class names from location [META-INF/spring.factories]: [org.springframework.boot.test.autoconfigure.restdocs.RestDocsTestExecutionListener, org.springframework.boot.test.autoconfigure.web.client.MockRestServiceServerResetTestExecutionListener, org.springframework.boot.test.autoconfigure.web.servlet.MockMvcPrintOnlyOnFailureTestExecutionListener, org.springframework.boot.test.autoconfigure.web.servlet.WebDriverTestExecutionListener, org.springframework.boot.test.autoconfigure.webservices.client.MockWebServiceServerTestExecutionListener, org.springframework.boot.test.mock.mockito.MockitoTestExecutionListener, org.springframework.boot.test.mock.mockito.ResetMocksTestExecutionListener, org.springframework.test.context.web.ServletTestExecutionListener, org.springframework.test.context.support.DirtiesContextBeforeModesTestExecutionListener, org.springframework.test.context.event.ApplicationEventsTestExecutionListener, org.springframework.test.context.support.DependencyInjectionTestExecutionListener, org.springframework.test.context.support.DirtiesContextTestExecutionListener, org.springframework.test.context.transaction.TransactionalTestExecutionListener, org.springframework.test.context.jdbc.SqlScriptsTestExecutionListener, org.springframework.test.context.event.EventPublishingTestExecutionListener]
01:04:17.397 [Test worker] INFO org.springframework.boot.test.context.SpringBootTestContextBootstrapper - Using TestExecutionListeners: [org.springframework.test.context.web.ServletTestExecutionListener@6ebd78d1, org.springframework.test.context.support.DirtiesContextBeforeModesTestExecutionListener@436390f4, org.springframework.test.context.event.ApplicationEventsTestExecutionListener@4d157787, org.springframework.boot.test.mock.mockito.MockitoTestExecutionListener@68ed96ca, org.springframework.boot.test.autoconfigure.SpringBootDependencyInjectionTestExecutionListener@6d1310f6, org.springframework.test.context.support.DirtiesContextTestExecutionListener@3228d990, org.springframework.test.context.transaction.TransactionalTestExecutionListener@54e7391d, org.springframework.test.context.jdbc.SqlScriptsTestExecutionListener@50b8ae8d, org.springframework.test.context.event.EventPublishingTestExecutionListener@255990cc, org.springframework.boot.test.autoconfigure.restdocs.RestDocsTestExecutionListener@51c929ae, org.springframework.boot.test.autoconfigure.web.client.MockRestServiceServerResetTestExecutionListener@3c8bdd5b, org.springframework.boot.test.autoconfigure.web.servlet.MockMvcPrintOnlyOnFailureTestExecutionListener@29d2d081, org.springframework.boot.test.autoconfigure.web.servlet.WebDriverTestExecutionListener@40e4ea87, org.springframework.boot.test.autoconfigure.webservices.client.MockWebServiceServerTestExecutionListener@58783f6c, org.springframework.boot.test.mock.mockito.ResetMocksTestExecutionListener@3a7b503d]
01:04:17.399 [Test worker] DEBUG org.springframework.test.context.support.AbstractDirtiesContextTestExecutionListener - Before test class: context [DefaultTestContext@24855019 testClass = LampApplicationTests, testInstance = [null], testMethod = [null], testException = [null], mergedContextConfiguration = [WebMergedContextConfiguration@3abd581e testClass = LampApplicationTests, locations = '{}', classes = '{class com.example.lamp.LampApplication}', contextInitializerClasses = '[]', activeProfiles = '{}', propertySourceLocations = '{}', propertySourceProperties = '{org.springframework.boot.test.context.SpringBootTestContextBootstrapper=true}', contextCustomizers = set[org.springframework.boot.test.autoconfigure.actuate.metrics.MetricsExportContextCustomizerFactory$DisableMetricExportContextCustomizer@7e928e2f, org.springframework.boot.test.autoconfigure.properties.PropertyMappingContextCustomizer@0, org.springframework.boot.test.autoconfigure.web.servlet.WebDriverContextCustomizerFactory$Customizer@58359ebd, org.springframework.boot.test.context.filter.ExcludeFilterContextCustomizer@4ee37ca3, org.springframework.boot.test.json.DuplicateJsonObjectContextCustomizerFactory$DuplicateJsonObjectContextCustomizer@422c3c7a, org.springframework.boot.test.mock.mockito.MockitoContextCustomizer@0, org.springframework.boot.test.web.client.TestRestTemplateContextCustomizer@502f1f4c, org.springframework.boot.test.context.SpringBootTestArgs@1, org.springframework.boot.test.context.SpringBootTestWebEnvironment@2415fc55], resourceBasePath = 'src/main/webapp', contextLoader = 'org.springframework.boot.test.context.SpringBootContextLoader', parent = [null]], attributes = map['org.springframework.test.context.web.ServletTestExecutionListener.activateListener' -> true]], class annotated with @DirtiesContext [false] with mode [null].
=======
<testsuite name="com.example.lamp.LampApplicationTests" tests="1" skipped="0" failures="0" errors="0" timestamp="2023-09-23T15:18:02" hostname="YOON" time="0.235">
  <properties/>
  <testcase name="contextLoads()" classname="com.example.lamp.LampApplicationTests" time="0.235"/>
  <system-out><![CDATA[00:18:00.700 [Test worker] DEBUG org.springframework.test.context.BootstrapUtils - Instantiating CacheAwareContextLoaderDelegate from class [org.springframework.test.context.cache.DefaultCacheAwareContextLoaderDelegate]
00:18:00.707 [Test worker] DEBUG org.springframework.test.context.BootstrapUtils - Instantiating BootstrapContext using constructor [public org.springframework.test.context.support.DefaultBootstrapContext(java.lang.Class,org.springframework.test.context.CacheAwareContextLoaderDelegate)]
00:18:00.726 [Test worker] DEBUG org.springframework.test.context.BootstrapUtils - Instantiating TestContextBootstrapper for test class [com.example.lamp.LampApplicationTests] from class [org.springframework.boot.test.context.SpringBootTestContextBootstrapper]
00:18:00.732 [Test worker] INFO org.springframework.boot.test.context.SpringBootTestContextBootstrapper - Neither @ContextConfiguration nor @ContextHierarchy found for test class [com.example.lamp.LampApplicationTests], using SpringBootContextLoader
00:18:00.735 [Test worker] DEBUG org.springframework.test.context.support.AbstractContextLoader - Did not detect default resource location for test class [com.example.lamp.LampApplicationTests]: class path resource [com/example/lamp/LampApplicationTests-context.xml] does not exist
00:18:00.735 [Test worker] DEBUG org.springframework.test.context.support.AbstractContextLoader - Did not detect default resource location for test class [com.example.lamp.LampApplicationTests]: class path resource [com/example/lamp/LampApplicationTestsContext.groovy] does not exist
00:18:00.735 [Test worker] INFO org.springframework.test.context.support.AbstractContextLoader - Could not detect default resource locations for test class [com.example.lamp.LampApplicationTests]: no resource found for suffixes {-context.xml, Context.groovy}.
00:18:00.736 [Test worker] INFO org.springframework.test.context.support.AnnotationConfigContextLoaderUtils - Could not detect default configuration classes for test class [com.example.lamp.LampApplicationTests]: LampApplicationTests does not declare any static, non-private, non-final, nested classes annotated with @Configuration.
00:18:00.761 [Test worker] DEBUG org.springframework.test.context.support.ActiveProfilesUtils - Could not find an 'annotation declaring class' for annotation type [org.springframework.test.context.ActiveProfiles] and class [com.example.lamp.LampApplicationTests]
00:18:00.799 [Test worker] DEBUG org.springframework.context.annotation.ClassPathScanningCandidateComponentProvider - Identified candidate component class: file [D:\청년1부\lamp_proj1\build\classes\java\main\com\example\lamp\LampApplication.class]
00:18:00.800 [Test worker] INFO org.springframework.boot.test.context.SpringBootTestContextBootstrapper - Found @SpringBootConfiguration com.example.lamp.LampApplication for test class com.example.lamp.LampApplicationTests
00:18:00.869 [Test worker] DEBUG org.springframework.boot.test.context.SpringBootTestContextBootstrapper - @TestExecutionListeners is not present for class [com.example.lamp.LampApplicationTests]: using defaults.
00:18:00.869 [Test worker] INFO org.springframework.boot.test.context.SpringBootTestContextBootstrapper - Loaded default TestExecutionListener class names from location [META-INF/spring.factories]: [org.springframework.boot.test.autoconfigure.restdocs.RestDocsTestExecutionListener, org.springframework.boot.test.autoconfigure.web.client.MockRestServiceServerResetTestExecutionListener, org.springframework.boot.test.autoconfigure.web.servlet.MockMvcPrintOnlyOnFailureTestExecutionListener, org.springframework.boot.test.autoconfigure.web.servlet.WebDriverTestExecutionListener, org.springframework.boot.test.autoconfigure.webservices.client.MockWebServiceServerTestExecutionListener, org.springframework.boot.test.mock.mockito.MockitoTestExecutionListener, org.springframework.boot.test.mock.mockito.ResetMocksTestExecutionListener, org.springframework.test.context.web.ServletTestExecutionListener, org.springframework.test.context.support.DirtiesContextBeforeModesTestExecutionListener, org.springframework.test.context.event.ApplicationEventsTestExecutionListener, org.springframework.test.context.support.DependencyInjectionTestExecutionListener, org.springframework.test.context.support.DirtiesContextTestExecutionListener, org.springframework.test.context.transaction.TransactionalTestExecutionListener, org.springframework.test.context.jdbc.SqlScriptsTestExecutionListener, org.springframework.test.context.event.EventPublishingTestExecutionListener]
00:18:00.879 [Test worker] INFO org.springframework.boot.test.context.SpringBootTestContextBootstrapper - Using TestExecutionListeners: [org.springframework.test.context.web.ServletTestExecutionListener@3a7b503d, org.springframework.test.context.support.DirtiesContextBeforeModesTestExecutionListener@512d92b, org.springframework.test.context.event.ApplicationEventsTestExecutionListener@62c5bbdc, org.springframework.boot.test.mock.mockito.MockitoTestExecutionListener@7bdf6bb7, org.springframework.boot.test.autoconfigure.SpringBootDependencyInjectionTestExecutionListener@1bc53649, org.springframework.test.context.support.DirtiesContextTestExecutionListener@88d6f9b, org.springframework.test.context.transaction.TransactionalTestExecutionListener@47d93e0d, org.springframework.test.context.jdbc.SqlScriptsTestExecutionListener@475b7792, org.springframework.test.context.event.EventPublishingTestExecutionListener@751e664e, org.springframework.boot.test.autoconfigure.restdocs.RestDocsTestExecutionListener@160c3ec1, org.springframework.boot.test.autoconfigure.web.client.MockRestServiceServerResetTestExecutionListener@182b435b, org.springframework.boot.test.autoconfigure.web.servlet.MockMvcPrintOnlyOnFailureTestExecutionListener@4d0402b, org.springframework.boot.test.autoconfigure.web.servlet.WebDriverTestExecutionListener@2fa7ae9, org.springframework.boot.test.autoconfigure.webservices.client.MockWebServiceServerTestExecutionListener@7577b641, org.springframework.boot.test.mock.mockito.ResetMocksTestExecutionListener@3704122f]
00:18:00.882 [Test worker] DEBUG org.springframework.test.context.support.AbstractDirtiesContextTestExecutionListener - Before test class: context [DefaultTestContext@27dc79f7 testClass = LampApplicationTests, testInstance = [null], testMethod = [null], testException = [null], mergedContextConfiguration = [WebMergedContextConfiguration@6b85300e testClass = LampApplicationTests, locations = '{}', classes = '{class com.example.lamp.LampApplication}', contextInitializerClasses = '[]', activeProfiles = '{}', propertySourceLocations = '{}', propertySourceProperties = '{org.springframework.boot.test.context.SpringBootTestContextBootstrapper=true}', contextCustomizers = set[org.springframework.boot.test.autoconfigure.actuate.metrics.MetricsExportContextCustomizerFactory$DisableMetricExportContextCustomizer@183e8023, org.springframework.boot.test.autoconfigure.properties.PropertyMappingContextCustomizer@0, org.springframework.boot.test.autoconfigure.web.servlet.WebDriverContextCustomizerFactory$Customizer@56bca85b, org.springframework.boot.test.context.filter.ExcludeFilterContextCustomizer@22b53226, org.springframework.boot.test.json.DuplicateJsonObjectContextCustomizerFactory$DuplicateJsonObjectContextCustomizer@ea9b7c6, org.springframework.boot.test.mock.mockito.MockitoContextCustomizer@0, org.springframework.boot.test.web.client.TestRestTemplateContextCustomizer@41813449, org.springframework.boot.test.context.SpringBootTestArgs@1, org.springframework.boot.test.context.SpringBootTestWebEnvironment@6dd7b5a3], resourceBasePath = 'src/main/webapp', contextLoader = 'org.springframework.boot.test.context.SpringBootContextLoader', parent = [null]], attributes = map['org.springframework.test.context.web.ServletTestExecutionListener.activateListener' -> true]], class annotated with @DirtiesContext [false] with mode [null].
>>>>>>> d5b1b5587ae4824f76e2b690ee9a976f49a50320
>>>>>>> 024fc88813a18127f06019f908103fcdfbab643d

  .   ____          _            __ _ _
 /\\ / ___'_ __ _ _(_)_ __  __ _ \ \ \ \
( ( )\___ | '_ | '_| | '_ \/ _` | \ \ \ \
 \\/  ___)| |_)| | | | | || (_| |  ) ) ) )
  '  |____| .__|_| |_|_| |_\__, | / / / /
 =========|_|==============|___/=/_/_/_/
 :: Spring Boot ::               (v2.7.13)

<<<<<<< HEAD
2023-10-03 02:33:49.920  INFO 59856 --- [    Test worker] com.example.lamp.LampApplicationTests    : Starting LampApplicationTests using Java 11.0.19 on yunsuoui-MacBookAir.local with PID 59856 (started by suohyoon in /Users/suohyoon/lamp_proj1)
2023-10-03 02:33:49.921  INFO 59856 --- [    Test worker] com.example.lamp.LampApplicationTests    : No active profile set, falling back to 1 default profile: "default"
2023-10-03 02:33:50.189  INFO 59856 --- [    Test worker] .s.d.r.c.RepositoryConfigurationDelegate : Bootstrapping Spring Data JDBC repositories in DEFAULT mode.
2023-10-03 02:33:50.194  INFO 59856 --- [    Test worker] .s.d.r.c.RepositoryConfigurationDelegate : Finished Spring Data repository scanning in 3 ms. Found 0 JDBC repository interfaces.
2023-10-03 02:33:50.762  INFO 59856 --- [    Test worker] o.s.b.a.w.s.WelcomePageHandlerMapping    : Adding welcome page template: index
2023-10-03 02:33:50.896  INFO 59856 --- [    Test worker] com.zaxxer.hikari.HikariDataSource       : HikariPool-1 - Starting...
2023-10-03 02:33:51.129  INFO 59856 --- [    Test worker] com.zaxxer.hikari.HikariDataSource       : HikariPool-1 - Start completed.
2023-10-03 02:33:51.220  INFO 59856 --- [    Test worker] com.example.lamp.LampApplicationTests    : Started LampApplicationTests in 1.427 seconds (JVM running for 1.939)
=======
<<<<<<< HEAD
2023-09-24 01:04:17.599  INFO 22152 --- [    Test worker] com.example.lamp.LampApplicationTests    : Starting LampApplicationTests using Java 11.0.19 on YOON with PID 22152 (started by dbstn in D:\lamp_proj1)
2023-09-24 01:04:17.600  INFO 22152 --- [    Test worker] com.example.lamp.LampApplicationTests    : No active profile set, falling back to 1 default profile: "default"
2023-09-24 01:04:17.969  INFO 22152 --- [    Test worker] .s.d.r.c.RepositoryConfigurationDelegate : Bootstrapping Spring Data JDBC repositories in DEFAULT mode.
2023-09-24 01:04:17.976  INFO 22152 --- [    Test worker] .s.d.r.c.RepositoryConfigurationDelegate : Finished Spring Data repository scanning in 4 ms. Found 0 JDBC repository interfaces.
2023-09-24 01:04:18.743  INFO 22152 --- [    Test worker] o.s.b.a.w.s.WelcomePageHandlerMapping    : Adding welcome page template: index
2023-09-24 01:04:18.973  INFO 22152 --- [    Test worker] com.zaxxer.hikari.HikariDataSource       : HikariPool-1 - Starting...
2023-09-24 01:04:19.212  INFO 22152 --- [    Test worker] com.zaxxer.hikari.HikariDataSource       : HikariPool-1 - Start completed.
2023-09-24 01:04:19.374  INFO 22152 --- [    Test worker] com.example.lamp.LampApplicationTests    : Started LampApplicationTests in 1.955 seconds (JVM running for 2.85)
=======
2023-09-24 00:18:01.078  INFO 15532 --- [    Test worker] com.example.lamp.LampApplicationTests    : Starting LampApplicationTests using Java 11.0.19 on YOON with PID 15532 (started by dbstn in D:\청년1부\lamp_proj1)
2023-09-24 00:18:01.079  INFO 15532 --- [    Test worker] com.example.lamp.LampApplicationTests    : No active profile set, falling back to 1 default profile: "default"
2023-09-24 00:18:01.457  INFO 15532 --- [    Test worker] .s.d.r.c.RepositoryConfigurationDelegate : Bootstrapping Spring Data JDBC repositories in DEFAULT mode.
2023-09-24 00:18:01.464  INFO 15532 --- [    Test worker] .s.d.r.c.RepositoryConfigurationDelegate : Finished Spring Data repository scanning in 4 ms. Found 0 JDBC repository interfaces.
2023-09-24 00:18:02.200  INFO 15532 --- [    Test worker] o.s.b.a.w.s.WelcomePageHandlerMapping    : Adding welcome page template: index
2023-09-24 00:18:02.439  INFO 15532 --- [    Test worker] com.zaxxer.hikari.HikariDataSource       : HikariPool-1 - Starting...
2023-09-24 00:18:02.676  INFO 15532 --- [    Test worker] com.zaxxer.hikari.HikariDataSource       : HikariPool-1 - Start completed.
2023-09-24 00:18:02.847  INFO 15532 --- [    Test worker] com.example.lamp.LampApplicationTests    : Started LampApplicationTests in 1.944 seconds (JVM running for 2.88)
>>>>>>> d5b1b5587ae4824f76e2b690ee9a976f49a50320
>>>>>>> 024fc88813a18127f06019f908103fcdfbab643d
]]></system-out>
  <system-err><![CDATA[]]></system-err>
</testsuite>
