<?xml version="1.0" encoding="UTF-8"?>
<testsuite name="com.example.lamp.LampApplicationTests" tests="1" skipped="0" failures="0" errors="0" timestamp="2023-11-14T20:36:11" hostname="YOON" time="0.094">
  <properties/>
  <testcase name="contextLoads()" classname="com.example.lamp.LampApplicationTests" time="0.094"/>
  <system-out><![CDATA[05:36:07.773 [Test worker] DEBUG org.springframework.test.context.BootstrapUtils - Instantiating CacheAwareContextLoaderDelegate from class [org.springframework.test.context.cache.DefaultCacheAwareContextLoaderDelegate]
05:36:07.781 [Test worker] DEBUG org.springframework.test.context.BootstrapUtils - Instantiating BootstrapContext using constructor [public org.springframework.test.context.support.DefaultBootstrapContext(java.lang.Class,org.springframework.test.context.CacheAwareContextLoaderDelegate)]
05:36:07.804 [Test worker] DEBUG org.springframework.test.context.BootstrapUtils - Instantiating TestContextBootstrapper for test class [com.example.lamp.LampApplicationTests] from class [org.springframework.boot.test.context.SpringBootTestContextBootstrapper]
05:36:07.812 [Test worker] INFO org.springframework.boot.test.context.SpringBootTestContextBootstrapper - Neither @ContextConfiguration nor @ContextHierarchy found for test class [com.example.lamp.LampApplicationTests], using SpringBootContextLoader
05:36:07.814 [Test worker] DEBUG org.springframework.test.context.support.AbstractContextLoader - Did not detect default resource location for test class [com.example.lamp.LampApplicationTests]: class path resource [com/example/lamp/LampApplicationTests-context.xml] does not exist
05:36:07.815 [Test worker] DEBUG org.springframework.test.context.support.AbstractContextLoader - Did not detect default resource location for test class [com.example.lamp.LampApplicationTests]: class path resource [com/example/lamp/LampApplicationTestsContext.groovy] does not exist
05:36:07.815 [Test worker] INFO org.springframework.test.context.support.AbstractContextLoader - Could not detect default resource locations for test class [com.example.lamp.LampApplicationTests]: no resource found for suffixes {-context.xml, Context.groovy}.
05:36:07.816 [Test worker] INFO org.springframework.test.context.support.AnnotationConfigContextLoaderUtils - Could not detect default configuration classes for test class [com.example.lamp.LampApplicationTests]: LampApplicationTests does not declare any static, non-private, non-final, nested classes annotated with @Configuration.
05:36:07.847 [Test worker] DEBUG org.springframework.test.context.support.ActiveProfilesUtils - Could not find an 'annotation declaring class' for annotation type [org.springframework.test.context.ActiveProfiles] and class [com.example.lamp.LampApplicationTests]
05:36:07.885 [Test worker] DEBUG org.springframework.context.annotation.ClassPathScanningCandidateComponentProvider - Identified candidate component class: file [D:\lamp_proj1\build\classes\java\main\com\example\lamp\LampApplication.class]
05:36:07.886 [Test worker] INFO org.springframework.boot.test.context.SpringBootTestContextBootstrapper - Found @SpringBootConfiguration com.example.lamp.LampApplication for test class com.example.lamp.LampApplicationTests
05:36:07.964 [Test worker] DEBUG org.springframework.boot.test.context.SpringBootTestContextBootstrapper - @TestExecutionListeners is not present for class [com.example.lamp.LampApplicationTests]: using defaults.
05:36:07.965 [Test worker] INFO org.springframework.boot.test.context.SpringBootTestContextBootstrapper - Loaded default TestExecutionListener class names from location [META-INF/spring.factories]: [org.springframework.boot.test.autoconfigure.restdocs.RestDocsTestExecutionListener, org.springframework.boot.test.autoconfigure.web.client.MockRestServiceServerResetTestExecutionListener, org.springframework.boot.test.autoconfigure.web.servlet.MockMvcPrintOnlyOnFailureTestExecutionListener, org.springframework.boot.test.autoconfigure.web.servlet.WebDriverTestExecutionListener, org.springframework.boot.test.autoconfigure.webservices.client.MockWebServiceServerTestExecutionListener, org.springframework.boot.test.mock.mockito.MockitoTestExecutionListener, org.springframework.boot.test.mock.mockito.ResetMocksTestExecutionListener, org.springframework.test.context.web.ServletTestExecutionListener, org.springframework.test.context.support.DirtiesContextBeforeModesTestExecutionListener, org.springframework.test.context.event.ApplicationEventsTestExecutionListener, org.springframework.test.context.support.DependencyInjectionTestExecutionListener, org.springframework.test.context.support.DirtiesContextTestExecutionListener, org.springframework.test.context.transaction.TransactionalTestExecutionListener, org.springframework.test.context.jdbc.SqlScriptsTestExecutionListener, org.springframework.test.context.event.EventPublishingTestExecutionListener]
05:36:07.978 [Test worker] INFO org.springframework.boot.test.context.SpringBootTestContextBootstrapper - Using TestExecutionListeners: [org.springframework.test.context.web.ServletTestExecutionListener@5a772895, org.springframework.test.context.support.DirtiesContextBeforeModesTestExecutionListener@39fc6b2c, org.springframework.test.context.event.ApplicationEventsTestExecutionListener@704b2127, org.springframework.boot.test.mock.mockito.MockitoTestExecutionListener@3ee39da0, org.springframework.boot.test.autoconfigure.SpringBootDependencyInjectionTestExecutionListener@5d332969, org.springframework.test.context.support.DirtiesContextTestExecutionListener@7cc9ce8, org.springframework.test.context.transaction.TransactionalTestExecutionListener@2e27d72f, org.springframework.test.context.jdbc.SqlScriptsTestExecutionListener@c0b41d6, org.springframework.test.context.event.EventPublishingTestExecutionListener@4837595f, org.springframework.boot.test.autoconfigure.restdocs.RestDocsTestExecutionListener@2bffa76d, org.springframework.boot.test.autoconfigure.web.client.MockRestServiceServerResetTestExecutionListener@3b718392, org.springframework.boot.test.autoconfigure.web.servlet.MockMvcPrintOnlyOnFailureTestExecutionListener@6d2260db, org.springframework.boot.test.autoconfigure.web.servlet.WebDriverTestExecutionListener@1f2d2181, org.springframework.boot.test.autoconfigure.webservices.client.MockWebServiceServerTestExecutionListener@49bf29c6, org.springframework.boot.test.mock.mockito.ResetMocksTestExecutionListener@7ee55e70]
05:36:07.980 [Test worker] DEBUG org.springframework.test.context.support.AbstractDirtiesContextTestExecutionListener - Before test class: context [DefaultTestContext@438bad7c testClass = LampApplicationTests, testInstance = [null], testMethod = [null], testException = [null], mergedContextConfiguration = [WebMergedContextConfiguration@25230246 testClass = LampApplicationTests, locations = '{}', classes = '{class com.example.lamp.LampApplication}', contextInitializerClasses = '[]', activeProfiles = '{}', propertySourceLocations = '{}', propertySourceProperties = '{org.springframework.boot.test.context.SpringBootTestContextBootstrapper=true}', contextCustomizers = set[org.springframework.boot.test.autoconfigure.actuate.metrics.MetricsExportContextCustomizerFactory$DisableMetricExportContextCustomizer@38be305c, org.springframework.boot.test.autoconfigure.properties.PropertyMappingContextCustomizer@0, org.springframework.boot.test.autoconfigure.web.servlet.WebDriverContextCustomizerFactory$Customizer@61bcd567, org.springframework.boot.test.context.filter.ExcludeFilterContextCustomizer@15c25153, org.springframework.boot.test.json.DuplicateJsonObjectContextCustomizerFactory$DuplicateJsonObjectContextCustomizer@56f6d40b, org.springframework.boot.test.mock.mockito.MockitoContextCustomizer@0, org.springframework.boot.test.web.client.TestRestTemplateContextCustomizer@7d3430a7, org.springframework.boot.test.context.SpringBootTestArgs@1, org.springframework.boot.test.context.SpringBootTestWebEnvironment@64e7619d], resourceBasePath = 'src/main/webapp', contextLoader = 'org.springframework.boot.test.context.SpringBootContextLoader', parent = [null]], attributes = map['org.springframework.test.context.web.ServletTestExecutionListener.activateListener' -> true]], class annotated with @DirtiesContext [false] with mode [null].

  .   ____          _            __ _ _
 /\\ / ___'_ __ _ _(_)_ __  __ _ \ \ \ \
( ( )\___ | '_ | '_| | '_ \/ _` | \ \ \ \
 \\/  ___)| |_)| | | | | || (_| |  ) ) ) )
  '  |____| .__|_| |_|_| |_\__, | / / / /
 =========|_|==============|___/=/_/_/_/
 :: Spring Boot ::               (v2.7.13)

2023-11-15 05:36:08.256  INFO 31980 --- [    Test worker] com.example.lamp.LampApplicationTests    : Starting LampApplicationTests using Java 11.0.20 on YOON with PID 31980 (started by dbstn in D:\lamp_proj1)
2023-11-15 05:36:08.257  INFO 31980 --- [    Test worker] com.example.lamp.LampApplicationTests    : No active profile set, falling back to 1 default profile: "default"
2023-11-15 05:36:08.721  INFO 31980 --- [    Test worker] .s.d.r.c.RepositoryConfigurationDelegate : Multiple Spring Data modules found, entering strict repository configuration mode
2023-11-15 05:36:08.722  INFO 31980 --- [    Test worker] .s.d.r.c.RepositoryConfigurationDelegate : Bootstrapping Spring Data JDBC repositories in DEFAULT mode.
2023-11-15 05:36:08.741  INFO 31980 --- [    Test worker] .RepositoryConfigurationExtensionSupport : Spring Data JDBC - Could not safely identify store assignment for repository candidate interface com.example.lamp.repository.VersicleRepository; If you want this repository to be a JDBC repository, consider annotating your entities with one of these annotations: org.springframework.data.relational.core.mapping.Table.
2023-11-15 05:36:08.742  INFO 31980 --- [    Test worker] .s.d.r.c.RepositoryConfigurationDelegate : Finished Spring Data repository scanning in 17 ms. Found 0 JDBC repository interfaces.
2023-11-15 05:36:08.747  INFO 31980 --- [    Test worker] .s.d.r.c.RepositoryConfigurationDelegate : Multiple Spring Data modules found, entering strict repository configuration mode
2023-11-15 05:36:08.748  INFO 31980 --- [    Test worker] .s.d.r.c.RepositoryConfigurationDelegate : Bootstrapping Spring Data JPA repositories in DEFAULT mode.
2023-11-15 05:36:08.768  INFO 31980 --- [    Test worker] .s.d.r.c.RepositoryConfigurationDelegate : Finished Spring Data repository scanning in 17 ms. Found 1 JPA repository interfaces.
2023-11-15 05:36:09.322  INFO 31980 --- [    Test worker] o.hibernate.jpa.internal.util.LogHelper  : HHH000204: Processing PersistenceUnitInfo [name: default]
2023-11-15 05:36:09.365  INFO 31980 --- [    Test worker] org.hibernate.Version                    : HHH000412: Hibernate ORM core version 5.6.15.Final
2023-11-15 05:36:09.525  INFO 31980 --- [    Test worker] o.hibernate.annotations.common.Version   : HCANN000001: Hibernate Commons Annotations {5.1.2.Final}
2023-11-15 05:36:09.616  INFO 31980 --- [    Test worker] com.zaxxer.hikari.HikariDataSource       : HikariPool-1 - Starting...
2023-11-15 05:36:09.867  INFO 31980 --- [    Test worker] com.zaxxer.hikari.HikariDataSource       : HikariPool-1 - Start completed.
2023-11-15 05:36:09.899  INFO 31980 --- [    Test worker] org.hibernate.dialect.Dialect            : HHH000400: Using dialect: org.hibernate.dialect.MySQL8Dialect
2023-11-15 05:36:10.303  INFO 31980 --- [    Test worker] o.h.e.t.j.p.i.JtaPlatformInitiator       : HHH000490: Using JtaPlatform implementation: [org.hibernate.engine.transaction.jta.platform.internal.NoJtaPlatform]
2023-11-15 05:36:10.312  INFO 31980 --- [    Test worker] j.LocalContainerEntityManagerFactoryBean : Initialized JPA EntityManagerFactory for persistence unit 'default'
2023-11-15 05:36:11.078  WARN 31980 --- [    Test worker] JpaBaseConfiguration$JpaWebConfiguration : spring.jpa.open-in-view is enabled by default. Therefore, database queries may be performed during view rendering. Explicitly configure spring.jpa.open-in-view to disable this warning
2023-11-15 05:36:11.338  INFO 31980 --- [    Test worker] o.s.b.a.w.s.WelcomePageHandlerMapping    : Adding welcome page template: index
2023-11-15 05:36:11.842  INFO 31980 --- [    Test worker] com.example.lamp.LampApplicationTests    : Started LampApplicationTests in 3.838 seconds (JVM running for 5.097)
]]></system-out>
  <system-err><![CDATA[]]></system-err>
</testsuite>
