<?xml version="1.0" encoding="UTF-8"?>
<testsuite name="com.example.lamp.mybatis.MyBatisTest" tests="1" skipped="0" failures="0" errors="0" timestamp="2023-11-14T20:36:12" hostname="YOON" time="0.075">
  <properties/>
  <testcase name="MyBatis 연동 성공" classname="com.example.lamp.mybatis.MyBatisTest" time="0.075"/>
  <system-out><![CDATA[2023-11-15 05:36:11.964  INFO 31980 --- [    Test worker] m.s.b.t.a.MybatisTestContextBootstrapper : Neither @ContextConfiguration nor @ContextHierarchy found for test class [com.example.lamp.mybatis.MyBatisTest], using SpringBootContextLoader
2023-11-15 05:36:11.966  INFO 31980 --- [    Test worker] o.s.t.c.support.AbstractContextLoader    : Could not detect default resource locations for test class [com.example.lamp.mybatis.MyBatisTest]: no resource found for suffixes {-context.xml, Context.groovy}.
2023-11-15 05:36:11.966  INFO 31980 --- [    Test worker] t.c.s.AnnotationConfigContextLoaderUtils : Could not detect default configuration classes for test class [com.example.lamp.mybatis.MyBatisTest]: MyBatisTest does not declare any static, non-private, non-final, nested classes annotated with @Configuration.
2023-11-15 05:36:11.996  INFO 31980 --- [    Test worker] .b.t.c.SpringBootTestContextBootstrapper : Found @SpringBootConfiguration com.example.lamp.LampApplication for test class com.example.lamp.mybatis.MyBatisTest
2023-11-15 05:36:11.997  INFO 31980 --- [    Test worker] m.s.b.t.a.MybatisTestContextBootstrapper : Loaded default TestExecutionListener class names from location [META-INF/spring.factories]: [org.springframework.boot.test.autoconfigure.restdocs.RestDocsTestExecutionListener, org.springframework.boot.test.autoconfigure.web.client.MockRestServiceServerResetTestExecutionListener, org.springframework.boot.test.autoconfigure.web.servlet.MockMvcPrintOnlyOnFailureTestExecutionListener, org.springframework.boot.test.autoconfigure.web.servlet.WebDriverTestExecutionListener, org.springframework.boot.test.autoconfigure.webservices.client.MockWebServiceServerTestExecutionListener, org.springframework.boot.test.mock.mockito.MockitoTestExecutionListener, org.springframework.boot.test.mock.mockito.ResetMocksTestExecutionListener, org.springframework.test.context.web.ServletTestExecutionListener, org.springframework.test.context.support.DirtiesContextBeforeModesTestExecutionListener, org.springframework.test.context.event.ApplicationEventsTestExecutionListener, org.springframework.test.context.support.DependencyInjectionTestExecutionListener, org.springframework.test.context.support.DirtiesContextTestExecutionListener, org.springframework.test.context.transaction.TransactionalTestExecutionListener, org.springframework.test.context.jdbc.SqlScriptsTestExecutionListener, org.springframework.test.context.event.EventPublishingTestExecutionListener]
2023-11-15 05:36:11.998  INFO 31980 --- [    Test worker] m.s.b.t.a.MybatisTestContextBootstrapper : Using TestExecutionListeners: [org.springframework.test.context.web.ServletTestExecutionListener@44a972b4, org.springframework.test.context.support.DirtiesContextBeforeModesTestExecutionListener@4848681d, org.springframework.test.context.event.ApplicationEventsTestExecutionListener@7712c315, org.springframework.boot.test.mock.mockito.MockitoTestExecutionListener@5a9a187b, org.springframework.boot.test.autoconfigure.SpringBootDependencyInjectionTestExecutionListener@5529fd4e, org.springframework.test.context.support.DirtiesContextTestExecutionListener@5eaa6f76, org.springframework.test.context.transaction.TransactionalTestExecutionListener@3fc105dd, org.springframework.test.context.jdbc.SqlScriptsTestExecutionListener@35129b9e, org.springframework.test.context.event.EventPublishingTestExecutionListener@2f4bc3ff, org.springframework.boot.test.autoconfigure.restdocs.RestDocsTestExecutionListener@2297c8bf, org.springframework.boot.test.autoconfigure.web.client.MockRestServiceServerResetTestExecutionListener@154fcedd, org.springframework.boot.test.autoconfigure.web.servlet.MockMvcPrintOnlyOnFailureTestExecutionListener@34a06981, org.springframework.boot.test.autoconfigure.web.servlet.WebDriverTestExecutionListener@458500d1, org.springframework.boot.test.autoconfigure.webservices.client.MockWebServiceServerTestExecutionListener@59cbeaee, org.springframework.boot.test.mock.mockito.ResetMocksTestExecutionListener@3299ee2c]

  .   ____          _            __ _ _
 /\\ / ___'_ __ _ _(_)_ __  __ _ \ \ \ \
( ( )\___ | '_ | '_| | '_ \/ _` | \ \ \ \
 \\/  ___)| |_)| | | | | || (_| |  ) ) ) )
  '  |____| .__|_| |_|_| |_\__, | / / / /
 =========|_|==============|___/=/_/_/_/
 :: Spring Boot ::               (v2.7.13)

2023-11-15 05:36:12.038  INFO 31980 --- [    Test worker] com.example.lamp.mybatis.MyBatisTest     : Starting MyBatisTest using Java 11.0.20 on YOON with PID 31980 (started by dbstn in D:\lamp_proj1)
2023-11-15 05:36:12.039  INFO 31980 --- [    Test worker] com.example.lamp.mybatis.MyBatisTest     : No active profile set, falling back to 1 default profile: "default"
2023-11-15 05:36:12.273  INFO 31980 --- [    Test worker] com.example.lamp.mybatis.MyBatisTest     : Started MyBatisTest in 0.273 seconds (JVM running for 5.528)
2023-11-15 05:36:12.283  INFO 31980 --- [    Test worker] com.zaxxer.hikari.HikariDataSource       : HikariPool-2 - Starting...
2023-11-15 05:36:12.297  INFO 31980 --- [    Test worker] com.zaxxer.hikari.HikariDataSource       : HikariPool-2 - Start completed.
2023-11-15 05:36:12.300  INFO 31980 --- [    Test worker] o.s.t.c.transaction.TransactionContext   : Began transaction (1) for test context [DefaultTestContext@996126b testClass = MyBatisTest, testInstance = com.example.lamp.mybatis.MyBatisTest@6d2413e, testMethod = getTest@MyBatisTest, testException = [null], mergedContextConfiguration = [MergedContextConfiguration@6d4b09c7 testClass = MyBatisTest, locations = '{}', classes = '{class com.example.lamp.LampApplication}', contextInitializerClasses = '[]', activeProfiles = '{}', propertySourceLocations = '{}', propertySourceProperties = '{org.mybatis.spring.boot.test.autoconfigure.MybatisTestContextBootstrapper=true}', contextCustomizers = set[org.springframework.boot.test.autoconfigure.OverrideAutoConfigurationContextCustomizerFactory$DisableAutoConfigurationContextCustomizer@a6fc2e1, org.springframework.boot.test.autoconfigure.actuate.metrics.MetricsExportContextCustomizerFactory$DisableMetricExportContextCustomizer@38be305c, org.springframework.boot.test.autoconfigure.filter.TypeExcludeFiltersContextCustomizer@351584c0, org.springframework.boot.test.autoconfigure.properties.PropertyMappingContextCustomizer@9243f4de, org.springframework.boot.test.autoconfigure.web.servlet.WebDriverContextCustomizerFactory$Customizer@61bcd567, [ImportsContextCustomizer@4f50e974 key = [org.springframework.boot.autoconfigure.cache.CacheAutoConfiguration, org.springframework.boot.autoconfigure.flyway.FlywayAutoConfiguration, org.springframework.boot.autoconfigure.jdbc.DataSourceAutoConfiguration, org.springframework.boot.autoconfigure.jdbc.DataSourceTransactionManagerAutoConfiguration, org.springframework.boot.autoconfigure.jdbc.JdbcTemplateAutoConfiguration, org.springframework.boot.autoconfigure.liquibase.LiquibaseAutoConfiguration, org.springframework.boot.autoconfigure.transaction.TransactionAutoConfiguration, org.springframework.boot.autoconfigure.sql.init.SqlInitializationAutoConfiguration, org.mybatis.spring.boot.autoconfigure.MybatisLanguageDriverAutoConfiguration, org.mybatis.spring.boot.autoconfigure.MybatisAutoConfiguration, org.springframework.boot.test.autoconfigure.jdbc.TestDatabaseAutoConfiguration]], org.springframework.boot.test.context.filter.ExcludeFilterContextCustomizer@15c25153, org.springframework.boot.test.json.DuplicateJsonObjectContextCustomizerFactory$DuplicateJsonObjectContextCustomizer@56f6d40b, org.springframework.boot.test.mock.mockito.MockitoContextCustomizer@0, org.springframework.boot.test.context.SpringBootTestArgs@1, org.springframework.boot.test.context.SpringBootTestWebEnvironment@0], contextLoader = 'org.springframework.boot.test.context.SpringBootContextLoader', parent = [null]], attributes = map['org.springframework.test.context.event.ApplicationEventsTestExecutionListener.recordApplicationEvents' -> false]]; transaction manager [org.springframework.jdbc.support.JdbcTransactionManager@77eb76f]; rollback [true]
2023-11-15 05:36:12.349  INFO 31980 --- [    Test worker] c.e.lamp.controller.PaperRestController  : Test(title=DB 연결 테스트 입니다., name=TEST)
2023-11-15 05:36:12.353  INFO 31980 --- [    Test worker] o.s.t.c.transaction.TransactionContext   : Rolled back transaction for test: [DefaultTestContext@996126b testClass = MyBatisTest, testInstance = com.example.lamp.mybatis.MyBatisTest@6d2413e, testMethod = getTest@MyBatisTest, testException = [null], mergedContextConfiguration = [MergedContextConfiguration@6d4b09c7 testClass = MyBatisTest, locations = '{}', classes = '{class com.example.lamp.LampApplication}', contextInitializerClasses = '[]', activeProfiles = '{}', propertySourceLocations = '{}', propertySourceProperties = '{org.mybatis.spring.boot.test.autoconfigure.MybatisTestContextBootstrapper=true}', contextCustomizers = set[org.springframework.boot.test.autoconfigure.OverrideAutoConfigurationContextCustomizerFactory$DisableAutoConfigurationContextCustomizer@a6fc2e1, org.springframework.boot.test.autoconfigure.actuate.metrics.MetricsExportContextCustomizerFactory$DisableMetricExportContextCustomizer@38be305c, org.springframework.boot.test.autoconfigure.filter.TypeExcludeFiltersContextCustomizer@351584c0, org.springframework.boot.test.autoconfigure.properties.PropertyMappingContextCustomizer@9243f4de, org.springframework.boot.test.autoconfigure.web.servlet.WebDriverContextCustomizerFactory$Customizer@61bcd567, [ImportsContextCustomizer@4f50e974 key = [org.springframework.boot.autoconfigure.cache.CacheAutoConfiguration, org.springframework.boot.autoconfigure.flyway.FlywayAutoConfiguration, org.springframework.boot.autoconfigure.jdbc.DataSourceAutoConfiguration, org.springframework.boot.autoconfigure.jdbc.DataSourceTransactionManagerAutoConfiguration, org.springframework.boot.autoconfigure.jdbc.JdbcTemplateAutoConfiguration, org.springframework.boot.autoconfigure.liquibase.LiquibaseAutoConfiguration, org.springframework.boot.autoconfigure.transaction.TransactionAutoConfiguration, org.springframework.boot.autoconfigure.sql.init.SqlInitializationAutoConfiguration, org.mybatis.spring.boot.autoconfigure.MybatisLanguageDriverAutoConfiguration, org.mybatis.spring.boot.autoconfigure.MybatisAutoConfiguration, org.springframework.boot.test.autoconfigure.jdbc.TestDatabaseAutoConfiguration]], org.springframework.boot.test.context.filter.ExcludeFilterContextCustomizer@15c25153, org.springframework.boot.test.json.DuplicateJsonObjectContextCustomizerFactory$DuplicateJsonObjectContextCustomizer@56f6d40b, org.springframework.boot.test.mock.mockito.MockitoContextCustomizer@0, org.springframework.boot.test.context.SpringBootTestArgs@1, org.springframework.boot.test.context.SpringBootTestWebEnvironment@0], contextLoader = 'org.springframework.boot.test.context.SpringBootContextLoader', parent = [null]], attributes = map['org.springframework.test.context.event.ApplicationEventsTestExecutionListener.recordApplicationEvents' -> false]]
]]></system-out>
  <system-err><![CDATA[]]></system-err>
</testsuite>
